[debug] [2021-11-24T15:54:59.547Z] ----------------------------------------------------------------------
[debug] [2021-11-24T15:54:59.549Z] Command:       C:\Program Files\nodejs\node.exe C:\Users\user\AppData\Roaming\npm\node_modules\firebase-tools\lib\bin\firebase.js init
[debug] [2021-11-24T15:54:59.549Z] CLI Version:   9.23.0
[debug] [2021-11-24T15:54:59.549Z] Platform:      win32
[debug] [2021-11-24T15:54:59.549Z] Node Version:  v16.13.0
[debug] [2021-11-24T15:54:59.550Z] Time:          Wed Nov 24 2021 19:24:59 GMT+0330 (Iran Standard Time)
[debug] [2021-11-24T15:54:59.550Z] ----------------------------------------------------------------------
[debug] 
[debug] [2021-11-24T15:54:59.604Z] > command requires scopes: ["email","openid","https://www.googleapis.com/auth/cloudplatformprojects.readonly","https://www.googleapis.com/auth/firebase","https://www.googleapis.com/auth/cloud-platform"]
[debug] [2021-11-24T15:54:59.605Z] > authorizing via signed-in user (emptyprogrammer@gmail.com)
[info] 
     ######## #### ########  ######## ########     ###     ######  ########
     ##        ##  ##     ## ##       ##     ##  ##   ##  ##       ##
     ######    ##  ########  ######   ########  #########  ######  ######
     ##        ##  ##    ##  ##       ##     ## ##     ##       ## ##
     ##       #### ##     ## ######## ########  ##     ##  ######  ########

You're about to initialize a Firebase project in this directory:

  L:\Clever_P\netflix-clone-final-v

Before we get started, keep in mind:

  * You are initializing within an existing Firebase project directory

